TN:
SF:src/zone-flags.ts
FNF:0
FNH:0
DA:6,1
LF:1
LH:1
BRF:0
BRH:0
end_of_record
TN:
SF:src/app/core/destroy.ts
FN:8,(anonymous_0)
FN:9,(anonymous_1)
FN:12,(anonymous_2)
FNF:3
FNH:0
FNDA:0,(anonymous_0)
FNDA:0,(anonymous_1)
FNDA:0,(anonymous_2)
DA:5,1
DA:6,0
DA:9,0
DA:13,0
DA:14,0
LF:5
LH:1
BRF:0
BRH:0
end_of_record
TN:
SF:src/app/core/auth/auth.service.ts
FN:18,(anonymous_0)
FN:27,(anonymous_1)
FN:31,(anonymous_2)
FN:33,(anonymous_3)
FN:36,(anonymous_4)
FN:40,(anonymous_5)
FN:42,(anonymous_6)
FN:45,(anonymous_7)
FN:49,(anonymous_8)
FN:54,(anonymous_9)
FN:58,(anonymous_10)
FN:65,(anonymous_11)
FN:73,(anonymous_12)
FN:78,(anonymous_13)
FNF:14
FNH:0
FNDA:0,(anonymous_0)
FNDA:0,(anonymous_1)
FNDA:0,(anonymous_2)
FNDA:0,(anonymous_3)
FNDA:0,(anonymous_4)
FNDA:0,(anonymous_5)
FNDA:0,(anonymous_6)
FNDA:0,(anonymous_7)
FNDA:0,(anonymous_8)
FNDA:0,(anonymous_9)
FNDA:0,(anonymous_10)
FNDA:0,(anonymous_11)
FNDA:0,(anonymous_12)
FNDA:0,(anonymous_13)
DA:16,1
DA:17,0
DA:19,0
DA:20,0
DA:21,0
DA:22,0
DA:23,0
DA:24,0
DA:28,0
DA:32,0
DA:34,0
DA:36,0
DA:41,0
DA:43,0
DA:45,0
DA:50,0
DA:52,0
DA:53,0
DA:55,0
DA:56,0
DA:58,0
DA:61,0
DA:68,0
DA:69,0
DA:70,0
DA:74,0
DA:75,0
DA:79,0
LF:28
LH:1
BRDA:70,0,0,0
BRDA:70,0,1,0
BRF:2
BRH:0
end_of_record
TN:
SF:src/app/core/auth/login.service.ts
FN:13,(anonymous_0)
FN:15,(anonymous_1)
FN:19,(anonymous_2)
FNF:3
FNH:0
FNDA:0,(anonymous_0)
FNDA:0,(anonymous_1)
FNDA:0,(anonymous_2)
DA:11,1
DA:12,0
DA:13,0
DA:16,0
DA:20,0
LF:5
LH:1
BRF:0
BRH:0
end_of_record
TN:
SF:src/app/core/auth/register.service.ts
FN:12,(anonymous_0)
FN:14,(anonymous_1)
FNF:2
FNH:0
FNDA:0,(anonymous_0)
FNDA:0,(anonymous_1)
DA:10,1
DA:11,0
DA:12,0
DA:15,0
LF:4
LH:1
BRF:0
BRH:0
end_of_record
TN:
SF:src/app/core/auth/token.service.ts
FN:14,(anonymous_0)
FN:16,(anonymous_1)
FN:25,(anonymous_2)
FN:29,(anonymous_3)
FN:35,(anonymous_4)
FN:39,(anonymous_5)
FN:47,(anonymous_6)
FN:51,(anonymous_7)
FNF:8
FNH:3
FNDA:4,(anonymous_0)
FNDA:4,(anonymous_1)
FNDA:0,(anonymous_2)
FNDA:0,(anonymous_3)
FNDA:0,(anonymous_4)
FNDA:0,(anonymous_5)
FNDA:4,(anonymous_6)
FNDA:0,(anonymous_7)
DA:9,1
DA:10,4
DA:11,4
DA:14,4
DA:17,4
DA:18,4
DA:19,4
DA:21,0
DA:26,0
DA:30,0
DA:32,0
DA:36,0
DA:40,0
DA:41,0
DA:43,0
DA:48,4
DA:52,0
DA:54,0
DA:55,0
DA:57,0
DA:58,0
DA:61,0
LF:22
LH:8
BRDA:17,0,0,4
BRDA:17,0,1,0
BRDA:40,1,0,0
BRDA:40,1,1,0
BRDA:40,2,0,0
BRDA:40,2,1,0
BRDA:48,3,0,4
BRDA:48,3,1,4
BRDA:54,4,0,0
BRDA:54,4,1,0
BRF:10
BRH:3
end_of_record
TN:
SF:src/app/core/config/config.ts
FNF:0
FNH:0
DA:4,1
LF:1
LH:1
BRF:0
BRH:0
end_of_record
TN:
SF:src/app/core/config/routes.config.ts
FNF:0
FNH:0
DA:1,1
LF:1
LH:1
BRF:0
BRH:0
end_of_record
TN:
SF:src/app/core/guards/auth.guard.ts
FN:14,(anonymous_0)
FN:16,(anonymous_1)
FN:20,(anonymous_2)
FN:24,(anonymous_3)
FNF:4
FNH:0
FNDA:0,(anonymous_0)
FNDA:0,(anonymous_1)
FNDA:0,(anonymous_2)
FNDA:0,(anonymous_3)
DA:13,1
DA:14,0
DA:17,0
DA:21,0
DA:25,0
LF:5
LH:1
BRDA:25,0,0,0
BRDA:25,0,1,0
BRF:2
BRH:0
end_of_record
TN:
SF:src/app/core/interceptors/base-url-interceptor.ts
FN:18,(anonymous_0)
FN:15,(anonymous_1)
FN:20,(anonymous_2)
FNF:3
FNH:0
FNDA:0,(anonymous_0)
FNDA:0,(anonymous_1)
FNDA:0,(anonymous_2)
DA:10,1
DA:11,1
DA:14,1
DA:15,0
DA:16,0
DA:18,0
DA:24,0
LF:7
LH:3
BRDA:16,0,0,0
BRDA:16,0,1,0
BRF:2
BRH:0
end_of_record
TN:
SF:src/app/core/interceptors/index.ts
FNF:0
FNH:0
DA:8,1
LF:1
LH:1
BRF:0
BRH:0
end_of_record
TN:
SF:src/app/core/interceptors/token-interceptor.ts
FN:14,(anonymous_0)
FN:16,(anonymous_1)
FN:29,(anonymous_2)
FNF:3
FNH:2
FNDA:4,(anonymous_0)
FNDA:4,(anonymous_1)
FNDA:0,(anonymous_2)
DA:13,1
DA:14,4
DA:20,4
DA:21,4
DA:22,0
DA:28,4
DA:30,0
DA:31,0
DA:33,0
DA:34,0
LF:10
LH:5
BRDA:21,0,0,0
BRDA:30,1,0,0
BRDA:33,2,0,0
BRDA:33,2,1,0
BRF:4
BRH:0
end_of_record
TN:
SF:src/app/core/services/toggle.service.ts
FN:14,(anonymous_0)
FN:19,(anonymous_1)
FN:30,(anonymous_2)
FN:31,(anonymous_3)
FN:34,(anonymous_4)
FN:41,(anonymous_5)
FN:46,(anonymous_6)
FN:50,(anonymous_7)
FN:51,(anonymous_8)
FN:55,(anonymous_9)
FNF:10
FNH:3
FNDA:6,(anonymous_0)
FNDA:2,(anonymous_1)
FNDA:0,(anonymous_2)
FNDA:0,(anonymous_3)
FNDA:0,(anonymous_4)
FNDA:0,(anonymous_5)
FNDA:0,(anonymous_6)
FNDA:2,(anonymous_7)
FNDA:0,(anonymous_8)
FNDA:0,(anonymous_9)
DA:9,1
DA:10,6
DA:11,6
DA:12,6
DA:15,6
DA:16,6
DA:20,2
DA:21,2
DA:24,2
DA:26,0
DA:31,0
DA:32,0
DA:35,0
DA:36,0
DA:42,0
DA:43,0
DA:47,0
DA:51,2
DA:52,2
DA:56,0
DA:57,0
DA:58,0
DA:60,0
DA:61,0
DA:64,0
LF:25
LH:11
BRDA:20,0,0,2
BRDA:20,0,1,0
BRDA:20,1,0,2
BRDA:20,1,1,2
BRDA:21,2,0,0
BRDA:21,2,1,2
BRDA:52,3,0,0
BRDA:52,3,1,2
BRDA:57,4,0,0
BRDA:57,4,1,0
BRF:10
BRH:5
end_of_record
TN:
SF:src/app/modules/account/account.module.ts
FNF:0
FNH:0
DA:31,1
LF:1
LH:1
BRF:0
BRH:0
end_of_record
TN:
SF:src/app/modules/account/components/auth/auth.component.ts
FN:38,(anonymous_1)
FN:46,(anonymous_2)
FN:49,(anonymous_3)
FN:58,(anonymous_4)
FN:66,(anonymous_5)
FN:74,(anonymous_6)
FN:82,(anonymous_7)
FN:86,(anonymous_8)
FNF:8
FNH:2
FNDA:0,(anonymous_1)
FNDA:0,(anonymous_2)
FNDA:0,(anonymous_3)
FNDA:60,(anonymous_4)
FNDA:180,(anonymous_5)
FNDA:0,(anonymous_6)
FNDA:0,(anonymous_7)
FNDA:0,(anonymous_8)
DA:7,1
DA:8,6
DA:9,6
DA:10,6
DA:46,0
DA:47,0
DA:48,0
DA:49,0
DA:50,0
DA:51,0
DA:54,0
DA:66,180
DA:67,60
DA:68,60
DA:70,0
DA:75,0
DA:76,0
DA:78,0
DA:83,0
DA:87,0
DA:88,0
DA:90,0
LF:22
LH:7
BRDA:47,0,0,0
BRDA:50,1,0,0
BRDA:67,2,0,60
BRDA:67,2,1,0
BRDA:75,3,0,0
BRDA:75,3,1,0
BRDA:86,4,0,0
BRDA:87,5,0,0
BRDA:87,5,1,0
BRF:9
BRH:1
end_of_record
TN:
SF:src/app/modules/account/components/auth-after-register/auth-after-register.component.ts
FN:17,(anonymous_0)
FN:23,(anonymous_1)
FN:31,(anonymous_2)
FN:35,(anonymous_3)
FN:39,(anonymous_4)
FN:41,(anonymous_5)
FN:48,(anonymous_6)
FN:55,(anonymous_7)
FNF:8
FNH:0
FNDA:0,(anonymous_0)
FNDA:0,(anonymous_1)
FNDA:0,(anonymous_2)
FNDA:0,(anonymous_3)
FNDA:0,(anonymous_4)
FNDA:0,(anonymous_5)
FNDA:0,(anonymous_6)
FNDA:0,(anonymous_7)
DA:10,1
DA:11,0
DA:12,0
DA:13,0
DA:14,0
DA:15,0
DA:16,0
DA:18,0
DA:19,0
DA:20,0
DA:24,0
DA:25,0
DA:26,0
DA:27,0
DA:32,0
DA:36,0
DA:37,0
DA:39,0
DA:42,0
DA:43,0
DA:45,0
DA:49,0
DA:50,0
DA:56,0
DA:64,0
DA:65,0
DA:66,0
DA:68,0
LF:28
LH:1
BRDA:26,0,0,0
BRDA:42,1,0,0
BRDA:42,1,1,0
BRDA:65,2,0,0
BRDA:65,2,1,0
BRF:5
BRH:0
end_of_record
TN:
SF:src/app/modules/account/components/auth-login/auth-login.component.ts
FN:16,(anonymous_0)
FN:22,(anonymous_1)
FN:29,(anonymous_2)
FN:35,(anonymous_3)
FN:43,(anonymous_4)
FNF:5
FNH:0
FNDA:0,(anonymous_0)
FNDA:0,(anonymous_1)
FNDA:0,(anonymous_2)
FNDA:0,(anonymous_3)
FNDA:0,(anonymous_4)
DA:11,1
DA:12,0
DA:13,0
DA:14,0
DA:15,0
DA:17,0
DA:18,0
DA:19,0
DA:23,0
DA:24,0
DA:28,0
DA:30,0
DA:31,0
DA:32,0
DA:36,0
DA:37,0
DA:44,0
DA:45,0
DA:46,0
DA:47,0
DA:48,0
DA:49,0
DA:51,0
LF:23
LH:1
BRDA:23,0,0,0
BRDA:30,1,0,0
BRDA:45,2,0,0
BRDA:45,3,0,0
BRDA:45,3,1,0
BRF:5
BRH:0
end_of_record
TN:
SF:src/app/modules/account/components/auth-register/auth-register.component.ts
FN:15,(anonymous_0)
FN:21,(anonymous_1)
FN:30,(anonymous_2)
FN:34,(anonymous_3)
FN:44,(anonymous_4)
FN:81,(anonymous_5)
FNF:6
FNH:0
FNDA:0,(anonymous_0)
FNDA:0,(anonymous_1)
FNDA:0,(anonymous_2)
FNDA:0,(anonymous_3)
FNDA:0,(anonymous_4)
FNDA:0,(anonymous_5)
DA:11,1
DA:12,0
DA:13,0
DA:14,0
DA:16,0
DA:17,0
DA:18,0
DA:22,0
DA:23,0
DA:24,0
DA:29,0
DA:31,0
DA:32,0
DA:35,0
DA:36,0
DA:45,0
DA:46,0
DA:47,0
DA:48,0
DA:51,0
DA:52,0
DA:55,0
DA:56,0
DA:57,0
DA:58,0
DA:59,0
DA:62,0
DA:63,0
DA:64,0
DA:67,0
DA:68,0
DA:71,0
DA:72,0
DA:73,0
DA:74,0
DA:75,0
DA:78,0
DA:82,0
DA:85,0
DA:86,0
LF:40
LH:1
BRDA:23,0,0,0
BRDA:46,1,0,0
BRDA:55,2,0,0
BRDA:62,3,0,0
BRDA:71,4,0,0
BRF:5
BRH:0
end_of_record
TN:
SF:src/app/modules/account/components/auth-selection/auth-selection.component.ts
FN:13,(anonymous_0)
FN:19,(anonymous_1)
FN:22,(anonymous_2)
FN:30,(anonymous_3)
FNF:4
FNH:1
FNDA:6,(anonymous_0)
FNDA:0,(anonymous_1)
FNDA:0,(anonymous_2)
FNDA:0,(anonymous_3)
DA:9,1
DA:10,6
DA:12,6
DA:14,6
DA:15,6
DA:16,6
DA:20,0
DA:21,0
DA:23,0
DA:24,0
DA:26,0
DA:28,0
DA:31,0
DA:32,0
LF:14
LH:6
BRDA:23,0,0,0
BRDA:23,0,1,0
BRF:2
BRH:0
end_of_record
TN:
SF:src/app/modules/account/components/dashboard/dashboard.component.ts
FNF:0
FNH:0
DA:10,1
DA:15,0
DA:16,0
LF:3
LH:1
BRF:0
BRH:0
end_of_record
TN:
SF:src/app/modules/account/components/dashboard-resume/dashboard-resume.component.ts
FN:18,(anonymous_0)
FN:23,(anonymous_1)
FN:27,(anonymous_2)
FNF:3
FNH:0
FNDA:0,(anonymous_0)
FNDA:0,(anonymous_1)
FNDA:0,(anonymous_2)
DA:13,1
DA:19,0
DA:20,0
DA:24,0
DA:29,0
DA:30,0
LF:6
LH:1
BRDA:29,0,0,0
BRDA:29,0,1,0
BRF:2
BRH:0
end_of_record
TN:
SF:src/app/modules/account/model/account.view-model.ts
FN:7,(anonymous_0)
FNF:1
FNH:1
FNDA:6,(anonymous_0)
DA:8,6
DA:11,6
DA:12,6
DA:16,6
DA:24,6
LF:5
LH:5
BRF:0
BRH:0
end_of_record
TN:
SF:src/app/modules/account/pages/account/account.page.ts
FN:25,(anonymous_0)
FN:37,(anonymous_1)
FN:42,(anonymous_2)
FN:55,(anonymous_3)
FN:57,(anonymous_4)
FN:61,(anonymous_5)
FN:65,(anonymous_6)
FN:120,(anonymous_7)
FN:137,(anonymous_8)
FN:141,(anonymous_9)
FN:166,(anonymous_10)
FN:170,(anonymous_11)
FN:202,(anonymous_12)
FN:209,(anonymous_13)
FNF:14
FNH:8
FNDA:6,(anonymous_0)
FNDA:2,(anonymous_1)
FNDA:2,(anonymous_2)
FNDA:1,(anonymous_3)
FNDA:1,(anonymous_4)
FNDA:0,(anonymous_5)
FNDA:2,(anonymous_6)
FNDA:1,(anonymous_7)
FNDA:0,(anonymous_8)
FNDA:1,(anonymous_9)
FNDA:0,(anonymous_10)
FNDA:0,(anonymous_11)
FNDA:0,(anonymous_12)
FNDA:0,(anonymous_13)
DA:21,1
DA:22,6
DA:23,6
DA:26,6
DA:27,6
DA:28,6
DA:29,6
DA:30,6
DA:31,6
DA:32,6
DA:33,6
DA:34,6
DA:38,2
DA:39,2
DA:43,2
DA:44,2
DA:45,2
DA:46,1
DA:47,1
DA:49,1
DA:51,2
DA:52,2
DA:56,1
DA:58,1
DA:59,1
DA:61,0
DA:66,2
DA:67,2
DA:121,1
DA:122,0
DA:123,0
DA:124,0
DA:125,0
DA:127,0
DA:128,0
DA:129,0
DA:132,1
DA:133,1
DA:138,0
DA:142,1
DA:156,1
DA:157,1
DA:158,0
DA:159,0
DA:160,0
DA:162,1
DA:167,0
DA:171,0
DA:172,0
DA:189,0
DA:190,0
DA:191,0
DA:192,0
DA:194,0
DA:195,0
DA:201,0
DA:202,0
DA:203,0
DA:204,0
DA:210,0
DA:211,0
DA:212,0
DA:213,0
DA:214,0
DA:215,0
DA:216,0
DA:218,0
DA:220,0
DA:222,0
DA:223,0
DA:225,0
LF:71
LH:34
BRDA:45,0,0,1
BRDA:45,0,1,1
BRDA:121,1,0,0
BRDA:121,1,1,1
BRDA:122,2,0,0
BRDA:122,2,1,0
BRDA:124,3,0,0
BRDA:127,4,0,0
BRDA:157,5,0,0
BRDA:157,5,1,1
BRDA:189,6,0,0
BRDA:189,6,1,0
BRDA:191,7,0,0
BRDA:191,7,1,0
BRDA:203,8,0,0
BRDA:210,9,0,0
BRDA:210,9,1,0
BRDA:210,10,0,0
BRDA:210,10,1,0
BRDA:213,11,0,0
BRDA:213,11,1,0
BRDA:215,12,0,0
BRDA:215,12,1,0
BRDA:222,13,0,0
BRF:24
BRH:4
end_of_record
TN:
SF:src/app/modules/car/car.module.ts
FNF:0
FNH:0
DA:29,1
LF:1
LH:1
BRF:0
BRH:0
end_of_record
TN:
SF:src/app/modules/car/components/car-drive/car-driver.component.ts
FNF:0
FNH:0
DA:9,1
LF:1
LH:1
BRF:0
BRH:0
end_of_record
TN:
SF:src/app/modules/car/components/car-images/car-images.component.ts
FN:28,(anonymous_0)
FN:30,(anonymous_1)
FNF:2
FNH:0
FNDA:0,(anonymous_0)
FNDA:0,(anonymous_1)
DA:12,1
DA:14,0
DA:16,0
DA:27,0
DA:28,0
DA:31,0
LF:6
LH:1
BRF:0
BRH:0
end_of_record
TN:
SF:src/app/modules/car/components/car-info/car-info.component.ts
FNF:0
FNH:0
DA:9,1
LF:1
LH:1
BRF:0
BRH:0
end_of_record
TN:
SF:src/app/modules/car/components/car-totals/car-totals.component.ts
FNF:0
FNH:0
DA:9,1
DA:12,0
LF:2
LH:1
BRF:0
BRH:0
end_of_record
TN:
SF:src/app/modules/car/components/car-totals-divs/car-totals-divs.component.ts
FNF:0
FNH:0
DA:9,1
DA:10,0
LF:2
LH:1
BRF:0
BRH:0
end_of_record
TN:
SF:src/app/modules/car/models/car.view-model.ts
FN:6,(anonymous_0)
FNF:1
FNH:0
FNDA:0,(anonymous_0)
DA:8,0
DA:24,0
DA:26,0
DA:27,0
DA:32,0
DA:33,0
DA:34,0
DA:35,0
DA:36,0
DA:38,0
LF:10
LH:0
BRF:0
BRH:0
end_of_record
TN:
SF:src/app/modules/car/pages/car/car.page.ts
FN:28,(anonymous_0)
FN:42,(anonymous_1)
FN:48,(anonymous_2)
FN:51,(anonymous_3)
FN:52,(anonymous_4)
FN:59,(anonymous_5)
FN:74,(anonymous_6)
FN:82,(anonymous_7)
FN:95,(anonymous_8)
FN:100,(anonymous_9)
FN:128,(anonymous_10)
FN:134,(anonymous_11)
FN:140,(anonymous_12)
FN:142,(anonymous_13)
FN:148,(anonymous_14)
FN:152,(anonymous_15)
FN:158,(anonymous_16)
FN:160,(anonymous_17)
FN:166,(anonymous_18)
FN:174,(anonymous_19)
FN:182,(anonymous_20)
FN:196,(anonymous_21)
FN:198,(anonymous_22)
FN:210,(anonymous_23)
FN:219,(anonymous_24)
FN:221,(anonymous_25)
FN:233,(anonymous_26)
FNF:27
FNH:0
FNDA:0,(anonymous_0)
FNDA:0,(anonymous_1)
FNDA:0,(anonymous_2)
FNDA:0,(anonymous_3)
FNDA:0,(anonymous_4)
FNDA:0,(anonymous_5)
FNDA:0,(anonymous_6)
FNDA:0,(anonymous_7)
FNDA:0,(anonymous_8)
FNDA:0,(anonymous_9)
FNDA:0,(anonymous_10)
FNDA:0,(anonymous_11)
FNDA:0,(anonymous_12)
FNDA:0,(anonymous_13)
FNDA:0,(anonymous_14)
FNDA:0,(anonymous_15)
FNDA:0,(anonymous_16)
FNDA:0,(anonymous_17)
FNDA:0,(anonymous_18)
FNDA:0,(anonymous_19)
FNDA:0,(anonymous_20)
FNDA:0,(anonymous_21)
FNDA:0,(anonymous_22)
FNDA:0,(anonymous_23)
FNDA:0,(anonymous_24)
FNDA:0,(anonymous_25)
FNDA:0,(anonymous_26)
DA:25,1
DA:27,0
DA:29,0
DA:30,0
DA:31,0
DA:32,0
DA:33,0
DA:34,0
DA:35,0
DA:36,0
DA:37,0
DA:38,0
DA:39,0
DA:43,0
DA:44,0
DA:45,0
DA:49,0
DA:50,0
DA:51,0
DA:53,0
DA:54,0
DA:60,0
DA:61,0
DA:62,0
DA:63,0
DA:65,0
DA:67,0
DA:68,0
DA:69,0
DA:71,0
DA:75,0
DA:76,0
DA:77,0
DA:78,0
DA:83,0
DA:96,0
DA:97,0
DA:101,0
DA:102,0
DA:103,0
DA:104,0
DA:105,0
DA:106,0
DA:108,0
DA:109,0
DA:110,0
DA:111,0
DA:112,0
DA:113,0
DA:114,0
DA:116,0
DA:117,0
DA:118,0
DA:119,0
DA:120,0
DA:121,0
DA:122,0
DA:124,0
DA:127,0
DA:128,0
DA:129,0
DA:135,0
DA:136,0
DA:137,0
DA:141,0
DA:143,0
DA:149,0
DA:153,0
DA:159,0
DA:161,0
DA:167,0
DA:168,0
DA:170,0
DA:175,0
DA:176,0
DA:183,0
DA:186,0
DA:187,0
DA:189,0
DA:190,0
DA:192,0
DA:197,0
DA:199,0
DA:200,0
DA:203,0
DA:204,0
DA:205,0
DA:207,0
DA:211,0
DA:214,0
DA:220,0
DA:222,0
DA:223,0
DA:226,0
DA:227,0
DA:228,0
DA:230,0
DA:234,0
DA:237,0
LF:99
LH:1
BRDA:62,0,0,0
BRDA:62,1,0,0
BRDA:62,1,1,0
BRDA:68,2,0,0
BRDA:76,3,0,0
BRDA:77,4,0,0
BRDA:77,4,1,0
BRDA:84,5,0,0
BRDA:84,5,1,0
BRDA:85,6,0,0
BRDA:85,6,1,0
BRDA:86,7,0,0
BRDA:86,7,1,0
BRDA:87,8,0,0
BRDA:87,8,1,0
BRDA:88,9,0,0
BRDA:88,9,1,0
BRDA:89,10,0,0
BRDA:89,10,1,0
BRDA:90,11,0,0
BRDA:90,11,1,0
BRDA:91,12,0,0
BRDA:91,12,1,0
BRDA:101,13,0,0
BRDA:101,13,1,0
BRDA:105,14,0,0
BRDA:109,15,0,0
BRDA:109,15,1,0
BRDA:113,16,0,0
BRDA:117,17,0,0
BRDA:121,18,0,0
BRDA:127,19,0,0
BRDA:167,20,0,0
BRDA:167,20,1,0
BRDA:186,21,0,0
BRDA:189,22,0,0
BRDA:189,22,1,0
BRDA:204,23,0,0
BRDA:204,23,1,0
BRDA:214,24,0,0
BRDA:214,24,1,0
BRDA:227,25,0,0
BRDA:227,25,1,0
BRF:43
BRH:0
end_of_record
TN:
SF:src/app/modules/cars/cars.module.ts
FNF:0
FNH:0
DA:19,1
LF:1
LH:1
BRF:0
BRH:0
end_of_record
TN:
SF:src/app/modules/cars/model/cars.view-model.ts
FN:7,(anonymous_0)
FNF:1
FNH:1
FNDA:16,(anonymous_0)
DA:8,16
DA:22,16
DA:29,16
DA:33,16
DA:39,16
DA:40,16
DA:41,16
DA:42,16
DA:46,16
LF:9
LH:9
BRF:0
BRH:0
end_of_record
TN:
SF:src/app/modules/cars/pages/cars/cars.page.ts
FN:22,(anonymous_0)
FN:31,(anonymous_1)
FN:40,(anonymous_2)
FN:42,(anonymous_3)
FN:43,(anonymous_4)
FN:53,(anonymous_5)
FN:68,(anonymous_6)
FN:71,(anonymous_7)
FN:72,(anonymous_8)
FN:76,(anonymous_9)
FN:91,(anonymous_10)
FN:96,(anonymous_11)
FN:108,(anonymous_12)
FN:124,(anonymous_13)
FN:132,(anonymous_14)
FN:142,(anonymous_15)
FN:151,(anonymous_16)
FN:156,(anonymous_17)
FN:167,(anonymous_18)
FNF:19
FNH:18
FNDA:16,(anonymous_0)
FNDA:1,(anonymous_1)
FNDA:3,(anonymous_2)
FNDA:3,(anonymous_3)
FNDA:0,(anonymous_4)
FNDA:4,(anonymous_5)
FNDA:2,(anonymous_6)
FNDA:1,(anonymous_7)
FNDA:1,(anonymous_8)
FNDA:2,(anonymous_9)
FNDA:1,(anonymous_10)
FNDA:2,(anonymous_11)
FNDA:1,(anonymous_12)
FNDA:1,(anonymous_13)
FNDA:1,(anonymous_14)
FNDA:1,(anonymous_15)
FNDA:1,(anonymous_16)
FNDA:1,(anonymous_17)
FNDA:1,(anonymous_18)
DA:19,1
DA:20,16
DA:23,16
DA:24,16
DA:25,16
DA:26,16
DA:27,16
DA:28,16
DA:32,1
DA:33,1
DA:34,1
DA:35,1
DA:36,1
DA:37,1
DA:41,3
DA:42,3
DA:44,0
DA:45,0
DA:46,0
DA:54,4
DA:55,1
DA:56,1
DA:57,1
DA:59,0
DA:62,3
DA:64,4
DA:65,4
DA:69,2
DA:70,2
DA:71,1
DA:72,1
DA:77,2
DA:78,1
DA:79,1
DA:80,1
DA:82,0
DA:85,1
DA:87,2
DA:88,2
DA:92,1
DA:93,1
DA:97,2
DA:98,1
DA:99,1
DA:100,1
DA:102,1
DA:103,1
DA:104,1
DA:109,1
DA:110,1
DA:115,1
DA:116,1
DA:117,1
DA:118,1
DA:120,0
DA:125,1
DA:126,1
DA:127,1
DA:128,1
DA:129,1
DA:133,1
DA:139,1
DA:143,1
DA:144,1
DA:145,1
DA:146,1
DA:147,1
DA:148,1
DA:152,1
DA:153,1
DA:157,1
DA:165,1
DA:167,1
DA:168,1
DA:169,1
DA:170,0
DA:171,0
DA:172,0
DA:174,0
DA:175,0
DA:176,0
DA:178,0
DA:179,0
DA:180,0
DA:181,0
LF:85
LH:69
BRDA:46,0,0,0
BRDA:46,0,1,0
BRDA:54,1,0,1
BRDA:54,1,1,3
BRDA:55,2,0,1
BRDA:55,2,1,0
BRDA:77,3,0,1
BRDA:77,3,1,1
BRDA:78,4,0,1
BRDA:78,4,1,0
BRDA:97,5,0,1
BRDA:97,5,1,1
BRDA:116,6,0,1
BRDA:116,6,1,0
BRDA:159,7,0,1
BRDA:159,7,1,0
BRDA:162,8,0,1
BRDA:162,8,1,0
BRDA:168,9,0,1
BRDA:169,10,0,0
BRDA:169,11,0,1
BRDA:169,11,1,1
BRDA:171,12,0,0
BRDA:175,13,0,0
BRF:24
BRH:14
end_of_record
TN:
SF:src/app/modules/my-inscriptions/my-inscriptions.module.ts
FNF:0
FNH:0
DA:19,1
LF:1
LH:1
BRF:0
BRH:0
end_of_record
TN:
SF:src/app/modules/my-inscriptions/components/inscriptions-item/my-inscriptions-item.component.ts
FN:21,(anonymous_0)
FN:26,(anonymous_1)
FN:35,(anonymous_2)
FNF:3
FNH:0
FNDA:0,(anonymous_0)
FNDA:0,(anonymous_1)
FNDA:0,(anonymous_2)
DA:12,1
DA:17,0
DA:22,0
DA:23,0
DA:27,0
DA:30,0
DA:36,0
DA:37,0
DA:40,0
DA:42,0
DA:43,0
LF:11
LH:1
BRDA:36,0,0,0
BRDA:36,0,1,0
BRF:2
BRH:0
end_of_record
TN:
SF:src/app/modules/my-inscriptions/components/my-inscriptions-state/my-inscriptions-state.component.ts
FNF:0
FNH:0
DA:9,1
DA:11,0
DA:13,0
DA:14,0
DA:15,0
LF:5
LH:1
BRF:0
BRH:0
end_of_record
TN:
SF:src/app/modules/my-inscriptions/model/my-inscriptions.view-model.ts
FN:7,(anonymous_0)
FNF:1
FNH:1
FNDA:3,(anonymous_0)
DA:8,3
DA:18,3
DA:19,3
DA:20,3
DA:25,3
LF:5
LH:5
BRF:0
BRH:0
end_of_record
TN:
SF:src/app/modules/my-inscriptions/pages/inscriptions/my-inscriptions.page.ts
FN:24,(anonymous_0)
FN:35,(anonymous_1)
FN:41,(anonymous_2)
FN:49,(anonymous_3)
FN:54,(anonymous_4)
FN:59,(anonymous_5)
FN:66,(anonymous_6)
FN:76,(anonymous_7)
FN:91,(anonymous_8)
FN:94,(anonymous_9)
FN:119,(anonymous_10)
FN:134,(anonymous_11)
FN:150,(anonymous_12)
FN:154,(anonymous_13)
FN:157,(anonymous_14)
FNF:15
FNH:5
FNDA:3,(anonymous_0)
FNDA:0,(anonymous_1)
FNDA:0,(anonymous_2)
FNDA:2,(anonymous_3)
FNDA:1,(anonymous_4)
FNDA:1,(anonymous_5)
FNDA:1,(anonymous_6)
FNDA:0,(anonymous_7)
FNDA:0,(anonymous_8)
FNDA:0,(anonymous_9)
FNDA:0,(anonymous_10)
FNDA:0,(anonymous_11)
FNDA:0,(anonymous_12)
FNDA:0,(anonymous_13)
FNDA:0,(anonymous_14)
DA:22,1
DA:23,3
DA:25,3
DA:26,3
DA:27,3
DA:28,3
DA:29,3
DA:30,3
DA:31,3
DA:32,3
DA:36,0
DA:37,0
DA:38,0
DA:42,0
DA:43,0
DA:44,0
DA:50,2
DA:53,2
DA:55,1
DA:56,1
DA:57,1
DA:60,1
DA:61,1
DA:67,1
DA:68,0
DA:69,0
DA:71,0
DA:77,0
DA:90,0
DA:91,0
DA:101,0
DA:102,0
DA:103,0
DA:106,0
DA:109,0
DA:110,0
DA:114,0
DA:120,0
DA:134,0
DA:135,0
DA:136,0
DA:140,0
DA:142,0
DA:151,0
DA:155,0
DA:158,0
LF:46
LH:18
BRDA:67,0,0,0
BRDA:68,1,0,0
BRDA:68,1,1,0
BRDA:101,2,0,0
BRDA:102,3,0,0
BRDA:102,3,1,0
BRDA:109,4,0,0
BRDA:135,5,0,0
BRDA:135,5,1,0
BRF:9
BRH:0
end_of_record
TN:
SF:src/app/modules/rounds/rounds.module.ts
FNF:0
FNH:0
DA:19,1
LF:1
LH:1
BRF:0
BRH:0
end_of_record
TN:
SF:src/app/modules/rounds/components/round-info/round-info.component.ts
FNF:0
FNH:0
DA:9,1
LF:1
LH:1
BRF:0
BRH:0
end_of_record
TN:
SF:src/app/modules/rounds/components/round-pairings/round-pairings.component.ts
FNF:0
FNH:0
DA:9,1
DA:11,0
LF:2
LH:1
BRF:0
BRH:0
end_of_record
TN:
SF:src/app/modules/rounds/models/rounds.view-model.ts
FN:4,(anonymous_0)
FNF:1
FNH:1
FNDA:2,(anonymous_0)
DA:5,2
DA:14,2
DA:15,2
DA:16,2
LF:4
LH:4
BRF:0
BRH:0
end_of_record
TN:
SF:src/app/modules/rounds/pages/rounds/rounds.page.ts
FN:19,(anonymous_0)
FN:26,(anonymous_1)
FN:35,(anonymous_2)
FN:39,(anonymous_3)
FN:47,(anonymous_4)
FN:49,(anonymous_5)
FN:52,(anonymous_6)
FN:59,(anonymous_7)
FN:61,(anonymous_8)
FN:65,(anonymous_9)
FN:70,(anonymous_10)
FN:76,(anonymous_11)
FNF:12
FNH:2
FNDA:2,(anonymous_0)
FNDA:0,(anonymous_1)
FNDA:0,(anonymous_2)
FNDA:0,(anonymous_3)
FNDA:0,(anonymous_4)
FNDA:0,(anonymous_5)
FNDA:0,(anonymous_6)
FNDA:0,(anonymous_7)
FNDA:0,(anonymous_8)
FNDA:0,(anonymous_9)
FNDA:1,(anonymous_10)
FNDA:0,(anonymous_11)
DA:16,1
DA:17,2
DA:20,2
DA:21,2
DA:22,2
DA:23,2
DA:27,0
DA:28,0
DA:32,0
DA:36,0
DA:40,0
DA:41,0
DA:42,0
DA:48,0
DA:49,0
DA:51,0
DA:52,0
DA:54,0
DA:55,0
DA:60,0
DA:61,0
DA:66,0
DA:67,0
DA:71,1
DA:77,0
DA:80,0
LF:26
LH:7
BRDA:49,0,0,0
BRDA:49,0,1,0
BRDA:52,1,0,0
BRDA:52,1,1,0
BRDA:54,2,0,0
BRDA:78,3,0,0
BRDA:78,3,1,0
BRDA:78,4,0,0
BRDA:78,4,1,0
BRF:9
BRH:0
end_of_record
TN:
SF:src/app/modules/tournament/tournament.module.ts
FNF:0
FNH:0
DA:29,1
LF:1
LH:1
BRF:0
BRH:0
end_of_record
TN:
SF:src/app/modules/tournament/components/tournament-info/tournament-info.component.ts
FNF:0
FNH:0
DA:10,1
DA:12,0
DA:13,0
LF:3
LH:1
BRF:0
BRH:0
end_of_record
TN:
SF:src/app/modules/tournament/components/tournament-my-cars/tournament-my-cars.component.ts
FNF:0
FNH:0
DA:10,1
DA:14,0
DA:15,0
LF:3
LH:1
BRF:0
BRH:0
end_of_record
TN:
SF:src/app/modules/tournament/components/tournament-options/tournament-options.component.ts
FNF:0
FNH:0
DA:9,1
DA:11,0
LF:2
LH:1
BRF:0
BRH:0
end_of_record
TN:
SF:src/app/modules/tournament/components/tournament-requisites/tournament-requisites.component.ts
FNF:0
FNH:0
DA:9,1
LF:1
LH:1
BRF:0
BRH:0
end_of_record
TN:
SF:src/app/modules/tournament/components/tournament-winners/tournament-winners.component.ts
FNF:0
FNH:0
DA:9,1
DA:11,0
LF:2
LH:1
BRF:0
BRH:0
end_of_record
TN:
SF:src/app/modules/tournament/model/tournament.view-model.ts
FN:8,(anonymous_0)
FNF:1
FNH:1
FNDA:10,(anonymous_0)
DA:11,10
DA:27,10
DA:29,10
DA:30,10
DA:35,10
DA:41,10
LF:6
LH:6
BRF:0
BRH:0
end_of_record
TN:
SF:src/app/modules/tournament/pages/tournament/tournament.page.ts
FN:31,(anonymous_0)
FN:48,(anonymous_1)
FN:55,(anonymous_2)
FN:58,(anonymous_3)
FN:68,(anonymous_4)
FN:75,(anonymous_5)
FN:87,(anonymous_6)
FN:94,(anonymous_7)
FN:95,(anonymous_8)
FN:102,(anonymous_9)
FN:120,(anonymous_10)
FN:126,(anonymous_11)
FN:132,(anonymous_12)
FN:137,(anonymous_13)
FN:145,(anonymous_14)
FN:158,(anonymous_15)
FN:164,(anonymous_16)
FN:171,(anonymous_17)
FN:182,(anonymous_18)
FN:191,(anonymous_19)
FN:202,(anonymous_20)
FN:208,(anonymous_21)
FN:215,(anonymous_22)
FN:220,(anonymous_23)
FN:224,(anonymous_24)
FN:231,(anonymous_25)
FN:238,(anonymous_26)
FN:246,(anonymous_27)
FN:253,(anonymous_28)
FN:260,(anonymous_29)
FN:267,(anonymous_30)
FN:272,(anonymous_31)
FNF:32
FNH:11
FNDA:10,(anonymous_0)
FNDA:1,(anonymous_1)
FNDA:3,(anonymous_2)
FNDA:2,(anonymous_3)
FNDA:1,(anonymous_4)
FNDA:3,(anonymous_5)
FNDA:3,(anonymous_6)
FNDA:2,(anonymous_7)
FNDA:1,(anonymous_8)
FNDA:2,(anonymous_9)
FNDA:0,(anonymous_10)
FNDA:2,(anonymous_11)
FNDA:0,(anonymous_12)
FNDA:0,(anonymous_13)
FNDA:0,(anonymous_14)
FNDA:0,(anonymous_15)
FNDA:0,(anonymous_16)
FNDA:0,(anonymous_17)
FNDA:0,(anonymous_18)
FNDA:0,(anonymous_19)
FNDA:0,(anonymous_20)
FNDA:0,(anonymous_21)
FNDA:0,(anonymous_22)
FNDA:0,(anonymous_23)
FNDA:0,(anonymous_24)
FNDA:0,(anonymous_25)
FNDA:0,(anonymous_26)
FNDA:0,(anonymous_27)
FNDA:0,(anonymous_28)
FNDA:0,(anonymous_29)
FNDA:0,(anonymous_30)
FNDA:0,(anonymous_31)
DA:27,1
DA:29,10
DA:32,10
DA:33,10
DA:34,10
DA:35,10
DA:36,10
DA:37,10
DA:38,10
DA:39,10
DA:40,10
DA:41,10
DA:42,10
DA:43,10
DA:44,10
DA:45,10
DA:49,1
DA:50,1
DA:51,1
DA:52,1
DA:56,3
DA:57,3
DA:59,2
DA:60,2
DA:61,2
DA:62,0
DA:64,2
DA:65,2
DA:66,2
DA:69,1
DA:70,1
DA:76,3
DA:81,3
DA:83,0
DA:88,3
DA:89,3
DA:90,3
DA:91,3
DA:94,2
DA:96,1
DA:97,1
DA:105,2
DA:106,2
DA:112,1
DA:114,1
DA:116,2
DA:117,2
DA:121,0
DA:122,0
DA:127,2
DA:128,0
DA:129,0
DA:133,0
DA:134,0
DA:135,0
DA:138,0
DA:139,0
DA:146,0
DA:158,0
DA:165,0
DA:170,0
DA:172,0
DA:175,0
DA:176,0
DA:177,0
DA:180,0
DA:183,0
DA:186,0
DA:192,0
DA:202,0
DA:209,0
DA:216,0
DA:217,0
DA:218,0
DA:220,0
DA:222,0
DA:224,0
DA:226,0
DA:229,0
DA:232,0
DA:233,0
DA:239,0
DA:240,0
DA:242,0
DA:247,0
DA:248,0
DA:254,0
DA:255,0
DA:261,0
DA:264,0
DA:268,0
DA:269,0
DA:273,0
DA:274,0
LF:94
LH:46
BRDA:61,0,0,0
BRDA:76,1,0,3
BRDA:76,1,1,0
BRDA:77,2,0,3
BRDA:77,2,1,3
BRDA:77,2,2,2
BRDA:106,3,0,1
BRDA:106,3,1,1
BRDA:107,4,0,2
BRDA:107,4,1,0
BRDA:107,4,2,2
BRDA:121,5,0,0
BRDA:127,6,0,0
BRDA:186,7,0,0
BRDA:186,7,1,0
BRDA:239,8,0,0
BRDA:239,8,1,0
BRF:17
BRH:8
end_of_record
TN:
SF:src/app/modules/tournaments/tournaments.module.ts
FNF:0
FNH:0
DA:20,1
LF:1
LH:1
BRF:0
BRH:0
end_of_record
TN:
SF:src/app/modules/tournaments/tournaments.page.ts
FN:15,(anonymous_0)
FN:22,(anonymous_1)
FN:27,(anonymous_2)
FN:29,(anonymous_3)
FN:36,(anonymous_4)
FN:43,(anonymous_5)
FN:55,(anonymous_6)
FNF:7
FNH:7
FNDA:6,(anonymous_0)
FNDA:1,(anonymous_1)
FNDA:2,(anonymous_2)
FNDA:1,(anonymous_3)
FNDA:1,(anonymous_4)
FNDA:1,(anonymous_5)
FNDA:1,(anonymous_6)
DA:13,1
DA:14,6
DA:16,6
DA:17,6
DA:18,6
DA:19,6
DA:23,1
DA:24,1
DA:28,2
DA:30,1
DA:31,1
DA:32,0
DA:34,1
DA:37,1
DA:38,1
DA:44,1
DA:50,1
DA:56,1
DA:57,1
LF:19
LH:18
BRDA:31,0,0,0
BRF:1
BRH:0
end_of_record
TN:
SF:src/app/modules/tournaments/model/tournaments.view-model.ts
FN:4,(anonymous_0)
FNF:1
FNH:1
FNDA:6,(anonymous_0)
DA:5,6
DA:9,6
DA:10,6
LF:3
LH:3
BRF:0
BRH:0
end_of_record
TN:
SF:src/app/shared/shared.module.ts
FN:177,(anonymous_0)
FNF:1
FNH:1
FNDA:63,(anonymous_0)
DA:87,1
DA:100,1
DA:117,1
DA:134,1
DA:135,1
DA:176,1
DA:178,63
LF:7
LH:7
BRF:0
BRH:0
end_of_record
TN:
SF:src/app/shared/components/banner-ranking/banner-ranking.component.ts
FNF:0
FNH:0
DA:8,1
LF:1
LH:1
BRF:0
BRH:0
end_of_record
TN:
SF:src/app/shared/components/brand-item/brand-item.component.ts
FNF:0
FNH:0
DA:9,1
DA:11,1
LF:2
LH:2
BRF:0
BRH:0
end_of_record
TN:
SF:src/app/shared/components/can-you-help/can-you-help.component.ts
FN:13,(anonymous_0)
FN:19,(anonymous_1)
FN:23,(anonymous_2)
FN:31,(anonymous_3)
FN:38,(anonymous_4)
FN:40,(anonymous_5)
FNF:6
FNH:3
FNDA:1,(anonymous_0)
FNDA:1,(anonymous_1)
FNDA:1,(anonymous_2)
FNDA:0,(anonymous_3)
FNDA:0,(anonymous_4)
FNDA:0,(anonymous_5)
DA:10,1
DA:11,1
DA:12,1
DA:14,1
DA:15,1
DA:16,1
DA:20,1
DA:24,1
DA:25,0
DA:32,0
DA:33,0
DA:34,0
DA:39,0
DA:40,0
DA:41,0
LF:15
LH:8
BRDA:24,0,0,0
BRDA:25,1,0,0
BRDA:25,1,1,0
BRDA:32,2,0,0
BRF:4
BRH:0
end_of_record
TN:
SF:src/app/shared/components/car-add/car-add.component.ts
FN:35,(anonymous_0)
FN:45,(anonymous_1)
FN:49,(anonymous_2)
FN:51,(anonymous_3)
FN:52,(anonymous_4)
FN:56,(anonymous_5)
FN:65,(anonymous_6)
FN:81,(anonymous_7)
FN:92,(anonymous_8)
FN:99,(anonymous_9)
FN:167,(anonymous_10)
FN:172,(anonymous_11)
FN:192,(anonymous_12)
FN:206,(anonymous_13)
FN:232,(anonymous_14)
FN:234,(anonymous_15)
FN:235,(anonymous_16)
FNF:17
FNH:5
FNDA:1,(anonymous_0)
FNDA:1,(anonymous_1)
FNDA:1,(anonymous_2)
FNDA:1,(anonymous_3)
FNDA:0,(anonymous_4)
FNDA:1,(anonymous_5)
FNDA:0,(anonymous_6)
FNDA:0,(anonymous_7)
FNDA:0,(anonymous_8)
FNDA:0,(anonymous_9)
FNDA:0,(anonymous_10)
FNDA:0,(anonymous_11)
FNDA:0,(anonymous_12)
FNDA:0,(anonymous_13)
FNDA:0,(anonymous_14)
FNDA:0,(anonymous_15)
FNDA:0,(anonymous_16)
DA:19,1
DA:20,1
DA:21,1
DA:22,1
DA:23,1
DA:24,1
DA:25,1
DA:31,1
DA:32,1
DA:36,1
DA:37,1
DA:38,1
DA:39,1
DA:40,1
DA:41,1
DA:42,1
DA:46,1
DA:50,1
DA:51,1
DA:52,0
DA:57,1
DA:58,1
DA:59,0
DA:61,1
DA:62,1
DA:66,0
DA:67,0
DA:68,0
DA:69,0
DA:71,0
DA:72,0
DA:73,0
DA:75,0
DA:82,0
DA:83,0
DA:84,0
DA:85,0
DA:87,0
DA:88,0
DA:93,0
DA:94,0
DA:95,0
DA:96,0
DA:100,0
DA:105,0
DA:106,0
DA:107,0
DA:108,0
DA:111,0
DA:112,0
DA:113,0
DA:114,0
DA:117,0
DA:118,0
DA:119,0
DA:120,0
DA:123,0
DA:124,0
DA:125,0
DA:126,0
DA:129,0
DA:130,0
DA:131,0
DA:132,0
DA:133,0
DA:136,0
DA:137,0
DA:138,0
DA:141,0
DA:142,0
DA:143,0
DA:144,0
DA:145,0
DA:148,0
DA:149,0
DA:150,0
DA:153,0
DA:154,0
DA:155,0
DA:156,0
DA:157,0
DA:160,0
DA:161,0
DA:162,0
DA:164,0
DA:168,0
DA:171,0
DA:173,0
DA:174,0
DA:175,0
DA:182,0
DA:183,0
DA:184,0
DA:186,0
DA:189,0
DA:193,0
DA:196,0
DA:207,0
DA:224,0
DA:225,0
DA:226,0
DA:228,0
DA:233,0
DA:234,0
DA:236,0
LF:105
LH:23
BRDA:58,0,0,0
BRDA:61,1,0,0
BRDA:61,1,1,1
BRDA:66,2,0,0
BRDA:67,3,0,0
BRDA:67,3,1,0
BRDA:72,4,0,0
BRDA:72,4,1,0
BRDA:84,5,0,0
BRDA:84,5,1,0
BRDA:94,6,0,0
BRDA:94,6,1,0
BRDA:95,7,0,0
BRDA:95,7,1,0
BRDA:96,8,0,0
BRDA:96,8,1,0
BRDA:105,9,0,0
BRDA:111,10,0,0
BRDA:117,11,0,0
BRDA:123,12,0,0
BRDA:129,13,0,0
BRDA:129,13,1,0
BRDA:130,14,0,0
BRDA:130,15,0,0
BRDA:130,15,1,0
BRDA:141,16,0,0
BRDA:141,16,1,0
BRDA:142,17,0,0
BRDA:142,18,0,0
BRDA:142,18,1,0
BRDA:153,19,0,0
BRDA:153,19,1,0
BRDA:154,20,0,0
BRDA:154,21,0,0
BRDA:154,21,1,0
BRDA:168,22,0,0
BRDA:168,22,1,0
BRDA:174,23,0,0
BRDA:176,24,0,0
BRDA:176,24,1,0
BRDA:183,25,0,0
BRDA:183,25,1,0
BRDA:197,26,0,0
BRDA:197,26,1,0
BRDA:210,27,0,0
BRDA:210,27,1,0
BRDA:225,28,0,0
BRDA:225,28,1,0
BRF:48
BRH:1
end_of_record
TN:
SF:src/app/shared/components/car-item/car-item.component.ts
FN:23,(anonymous_0)
FN:25,(anonymous_1)
FN:29,(anonymous_2)
FNF:3
FNH:3
FNDA:1,(anonymous_0)
FNDA:1,(anonymous_1)
FNDA:1,(anonymous_2)
DA:11,1
DA:13,1
DA:20,1
DA:23,1
DA:26,1
DA:30,1
DA:31,1
DA:36,1
LF:8
LH:8
BRDA:30,0,0,1
BRDA:33,1,0,0
BRDA:33,1,1,1
BRDA:33,2,0,1
BRDA:33,2,1,0
BRF:5
BRH:3
end_of_record
TN:
SF:src/app/shared/components/header/header.component.ts
FN:18,(anonymous_0)
FNF:1
FNH:1
FNDA:43,(anonymous_0)
DA:10,1
DA:12,43
DA:13,43
DA:14,43
DA:18,43
LF:5
LH:5
BRF:0
BRH:0
end_of_record
TN:
SF:src/app/shared/components/header-sub/header-sub.component.ts
FN:12,(anonymous_0)
FNF:1
FNH:1
FNDA:30,(anonymous_0)
DA:9,1
DA:11,30
DA:12,30
LF:3
LH:3
BRF:0
BRH:0
end_of_record
TN:
SF:src/app/shared/components/header/model/header.model.ts
FN:22,(anonymous_0)
FNF:1
FNH:1
FNDA:43,(anonymous_0)
DA:10,43
DA:16,43
DA:21,43
DA:23,43
DA:24,43
DA:25,43
DA:26,43
DA:27,15
DA:28,15
DA:29,15
DA:31,43
LF:11
LH:11
BRDA:26,0,0,15
BRDA:26,1,0,43
BRDA:26,1,1,43
BRDA:27,2,0,15
BRDA:27,2,1,0
BRDA:29,3,0,15
BRDA:29,3,1,0
BRF:7
BRH:5
end_of_record
TN:
SF:src/app/shared/components/no-items/no-items.component.ts
FNF:0
FNH:0
DA:9,1
LF:1
LH:1
BRF:0
BRH:0
end_of_record
TN:
SF:src/app/shared/components/no-items/no-items.model.ts
FN:6,(anonymous_0)
FNF:1
FNH:1
FNDA:19,(anonymous_0)
DA:2,19
DA:3,19
DA:7,19
DA:8,19
DA:9,19
LF:5
LH:5
BRDA:7,0,0,19
BRDA:7,0,1,3
BRDA:8,1,0,19
BRDA:8,1,1,19
BRDA:9,2,0,0
BRDA:9,2,1,19
BRDA:9,3,0,19
BRDA:9,3,1,0
BRF:8
BRH:6
end_of_record
TN:
SF:src/app/shared/components/report-modal/report-modal.component.ts
FN:20,(anonymous_0)
FN:26,(anonymous_1)
FN:34,(anonymous_2)
FN:46,(anonymous_3)
FN:50,(anonymous_4)
FNF:5
FNH:5
FNDA:6,(anonymous_0)
FNDA:2,(anonymous_1)
FNDA:3,(anonymous_2)
FNDA:1,(anonymous_3)
FNDA:1,(anonymous_4)
DA:11,1
DA:14,6
DA:15,6
DA:16,6
DA:21,6
DA:22,6
DA:23,6
DA:27,2
DA:28,1
DA:30,1
DA:35,3
DA:40,2
DA:41,2
DA:45,2
DA:47,1
DA:48,1
DA:51,1
DA:54,1
LF:18
LH:18
BRDA:27,0,0,1
BRDA:27,0,1,1
BRDA:35,1,0,2
BRDA:35,1,1,1
BRDA:36,2,0,3
BRDA:36,2,1,2
BRDA:36,2,2,2
BRDA:42,3,0,0
BRDA:42,3,1,2
BRF:9
BRH:8
end_of_record
TN:
SF:src/app/shared/components/spinner/spinner.component.ts
FNF:0
FNH:0
DA:8,1
LF:1
LH:1
BRF:0
BRH:0
end_of_record
TN:
SF:src/app/shared/components/tournament-item/tournament-item.component.ts
FN:17,(anonymous_0)
FN:19,(anonymous_1)
FN:23,(anonymous_2)
FNF:3
FNH:3
FNDA:1,(anonymous_0)
FNDA:1,(anonymous_1)
FNDA:1,(anonymous_2)
DA:10,1
DA:12,1
DA:16,1
DA:17,1
DA:20,1
DA:24,1
DA:25,1
DA:32,1
LF:8
LH:8
BRDA:24,0,0,1
BRDA:27,1,0,0
BRDA:27,1,1,1
BRDA:27,2,0,1
BRDA:27,2,1,0
BRF:5
BRH:3
end_of_record
TN:
SF:src/app/shared/components/tournaments-slider/tournaments-slider.component.ts
FNF:0
FNH:0
DA:10,1
DA:11,18
DA:13,18
DA:15,18
LF:4
LH:4
BRF:0
BRH:0
end_of_record
TN:
SF:src/app/shared/components/viewer/viewer.component.ts
FN:21,(anonymous_0)
FN:23,(anonymous_1)
FN:27,(anonymous_2)
FNF:3
FNH:2
FNDA:2,(anonymous_0)
FNDA:1,(anonymous_1)
FNDA:0,(anonymous_2)
DA:5,1
DA:12,1
DA:15,2
DA:21,2
DA:24,1
DA:28,0
DA:29,0
LF:7
LH:5
BRDA:29,0,0,0
BRDA:29,0,1,0
BRF:2
BRH:0
end_of_record
TN:
SF:src/app/shared/components/winner-car-item/winner-car-item.component.ts
FNF:0
FNH:0
DA:9,1
DA:11,0
DA:12,0
LF:3
LH:1
BRF:0
BRH:0
end_of_record
TN:
SF:src/app/shared/directives/count-up/count-up.directive.ts
FN:21,(anonymous_0)
FN:67,(anonymous_1)
FN:34,(anonymous_2)
FN:40,(anonymous_3)
FN:42,(anonymous_4)
FN:44,(anonymous_5)
FN:49,(anonymous_6)
FN:57,(anonymous_7)
FN:62,(anonymous_8)
FN:73,(anonymous_9)
FN:77,(anonymous_10)
FN:80,(anonymous_11)
FNF:12
FNH:0
FNDA:0,(anonymous_0)
FNDA:0,(anonymous_1)
FNDA:0,(anonymous_2)
FNDA:0,(anonymous_3)
FNDA:0,(anonymous_4)
FNDA:0,(anonymous_5)
FNDA:0,(anonymous_6)
FNDA:0,(anonymous_7)
FNDA:0,(anonymous_8)
FNDA:0,(anonymous_9)
FNDA:0,(anonymous_10)
FNDA:0,(anonymous_11)
DA:21,1
DA:27,1
DA:28,0
DA:29,0
DA:30,0
DA:36,0
DA:38,0
DA:40,0
DA:42,0
DA:44,0
DA:49,0
DA:59,0
DA:64,0
DA:68,0
DA:69,0
DA:70,0
DA:74,0
DA:78,0
DA:81,0
LF:19
LH:2
BRF:0
BRH:0
end_of_record
TN:
SF:src/app/shared/models/brand.model.ts
FN:12,(anonymous_0)
FNF:1
FNH:1
FNDA:6,(anonymous_0)
DA:13,6
DA:14,6
DA:15,6
DA:16,6
DA:17,6
DA:18,6
DA:19,6
DA:20,6
LF:8
LH:8
BRDA:14,0,0,6
BRDA:14,0,1,6
BRDA:15,1,0,6
BRDA:15,1,1,6
BRDA:16,2,0,6
BRDA:16,2,1,6
BRDA:17,3,0,6
BRDA:17,3,1,6
BRDA:18,4,0,6
BRDA:18,4,1,6
BRDA:19,5,0,6
BRDA:19,5,1,6
BRDA:20,6,0,6
BRDA:20,6,1,6
BRF:14
BRH:14
end_of_record
TN:
SF:src/app/shared/models/car.model.ts
FN:31,(anonymous_0)
FNF:1
FNH:1
FNDA:7,(anonymous_0)
DA:32,7
DA:33,7
DA:34,7
DA:35,7
DA:36,7
DA:37,7
DA:38,7
DA:39,7
DA:40,7
DA:41,7
DA:42,7
DA:43,7
DA:44,7
DA:45,7
DA:46,7
DA:47,7
DA:48,7
DA:49,7
DA:50,7
DA:51,7
DA:52,7
DA:53,7
DA:54,7
DA:55,7
DA:56,7
DA:57,7
LF:26
LH:26
BRDA:40,0,0,7
BRDA:40,0,1,6
BRF:2
BRH:2
end_of_record
TN:
SF:src/app/shared/models/image.model.ts
FN:12,(anonymous_0)
FNF:1
FNH:1
FNDA:8,(anonymous_0)
DA:13,8
DA:14,8
DA:15,8
DA:16,8
DA:17,8
DA:18,8
DA:19,8
DA:20,8
DA:21,8
LF:9
LH:9
BRF:0
BRH:0
end_of_record
TN:
SF:src/app/shared/models/inscription.model.ts
FN:8,(anonymous_0)
FNF:1
FNH:1
FNDA:5,(anonymous_0)
DA:9,5
DA:10,5
DA:11,5
DA:12,5
DA:13,5
DA:14,5
LF:6
LH:6
BRDA:10,0,0,5
BRDA:10,0,1,3
BRDA:11,1,0,5
BRDA:11,1,1,3
BRDA:12,2,0,5
BRDA:12,2,1,3
BRDA:13,3,0,5
BRDA:13,3,1,5
BRDA:14,4,0,5
BRDA:14,4,1,5
BRF:10
BRH:10
end_of_record
TN:
SF:src/app/shared/models/like.model.ts
FN:8,(anonymous_0)
FNF:1
FNH:1
FNDA:4,(anonymous_0)
DA:9,4
DA:10,4
DA:11,4
DA:12,4
DA:13,4
LF:5
LH:5
BRDA:10,0,0,4
BRDA:10,0,1,4
BRDA:11,1,0,4
BRDA:11,1,1,4
BRF:4
BRH:4
end_of_record
TN:
SF:src/app/shared/models/literal.model.ts
FN:6,(anonymous_0)
FNF:1
FNH:0
FNDA:0,(anonymous_0)
DA:7,0
DA:8,0
DA:9,0
DA:10,0
LF:4
LH:0
BRDA:8,0,0,0
BRDA:8,0,1,0
BRF:2
BRH:0
end_of_record
TN:
SF:src/app/shared/models/login.model.ts
FN:1,(anonymous_0)
FNF:1
FNH:0
FNDA:0,(anonymous_0)
DA:2,0
DA:3,0
LF:2
LH:0
BRF:0
BRH:0
end_of_record
TN:
SF:src/app/shared/models/pairing.model.ts
FN:12,(anonymous_0)
FNF:1
FNH:1
FNDA:2,(anonymous_0)
DA:13,2
DA:14,2
DA:15,2
DA:16,2
DA:17,2
DA:18,2
DA:19,2
DA:20,2
DA:21,2
LF:9
LH:9
BRF:0
BRH:0
end_of_record
TN:
SF:src/app/shared/models/register.model.ts
FN:1,(anonymous_0)
FNF:1
FNH:0
FNDA:0,(anonymous_0)
DA:2,0
DA:3,0
DA:4,0
DA:5,0
LF:4
LH:0
BRF:0
BRH:0
end_of_record
TN:
SF:src/app/shared/models/report.model.ts
FN:10,(anonymous_0)
FNF:1
FNH:1
FNDA:12,(anonymous_0)
DA:11,12
DA:12,12
DA:13,12
DA:14,12
DA:15,12
DA:16,12
DA:17,12
DA:18,12
LF:8
LH:8
BRDA:12,0,0,12
BRDA:12,0,1,12
BRDA:13,1,0,12
BRDA:13,1,1,10
BRDA:14,2,0,12
BRDA:14,2,1,10
BRDA:15,3,0,12
BRDA:15,3,1,7
BRDA:16,4,0,12
BRDA:16,4,1,12
BRDA:17,5,0,12
BRDA:17,5,1,12
BRDA:18,6,0,12
BRDA:18,6,1,12
BRF:14
BRH:14
end_of_record
TN:
SF:src/app/shared/models/round.model.ts
FN:15,(anonymous_0)
FNF:1
FNH:1
FNDA:5,(anonymous_0)
DA:16,5
DA:17,5
DA:18,5
DA:19,5
DA:20,5
DA:21,5
DA:22,5
DA:23,5
DA:24,5
DA:25,5
DA:26,5
LF:11
LH:11
BRDA:17,0,0,5
BRDA:17,0,1,2
BRDA:18,1,0,5
BRDA:18,1,1,2
BRDA:19,2,0,5
BRDA:19,2,1,2
BRDA:20,3,0,5
BRDA:20,3,1,5
BRDA:21,4,0,5
BRDA:21,4,1,5
BRDA:22,5,0,5
BRDA:22,5,1,2
BRDA:23,6,0,5
BRDA:23,6,1,5
BRDA:24,7,0,5
BRDA:24,7,1,5
BRF:16
BRH:16
end_of_record
TN:
SF:src/app/shared/models/toggle.model.ts
FN:9,(anonymous_0)
FNF:1
FNH:0
FNDA:0,(anonymous_0)
DA:10,0
DA:11,0
DA:12,0
DA:13,0
DA:14,0
DA:15,0
LF:6
LH:0
BRDA:11,0,0,0
BRDA:11,0,1,0
BRDA:12,1,0,0
BRDA:12,1,1,0
BRDA:13,2,0,0
BRDA:13,2,1,0
BRF:6
BRH:0
end_of_record
TN:
SF:src/app/shared/models/tournament.model.ts
FN:20,(anonymous_0)
FN:48,(anonymous_1)
FNF:2
FNH:1
FNDA:5,(anonymous_0)
FNDA:0,(anonymous_1)
DA:21,5
DA:22,5
DA:23,5
DA:24,5
DA:25,5
DA:26,5
DA:27,5
DA:28,5
DA:29,5
DA:30,5
DA:31,5
DA:32,5
DA:33,5
DA:34,5
DA:35,5
DA:36,5
DA:37,5
DA:48,1
LF:18
LH:18
BRDA:22,0,0,5
BRDA:22,0,1,1
BRDA:23,1,0,5
BRDA:23,1,1,5
BRDA:24,2,0,5
BRDA:24,2,1,1
BRDA:25,3,0,5
BRDA:25,3,1,5
BRDA:26,4,0,5
BRDA:26,4,1,5
BRDA:27,5,0,5
BRDA:27,5,1,1
BRDA:28,6,0,5
BRDA:28,6,1,5
BRDA:29,7,0,5
BRDA:29,7,1,5
BRDA:30,8,0,5
BRDA:30,8,1,5
BRDA:31,9,0,5
BRDA:31,9,1,5
BRDA:32,10,0,5
BRDA:32,10,1,5
BRF:22
BRH:22
end_of_record
TN:
SF:src/app/shared/models/user.model.ts
FN:12,(anonymous_0)
FNF:1
FNH:1
FNDA:2,(anonymous_0)
DA:13,2
DA:14,2
DA:15,2
DA:16,2
DA:17,2
DA:18,2
DA:19,2
DA:20,2
DA:21,2
LF:9
LH:9
BRDA:14,0,0,2
BRDA:14,0,1,1
BRDA:15,1,0,2
BRDA:15,1,1,1
BRDA:16,2,0,2
BRDA:16,2,1,1
BRDA:17,3,0,2
BRDA:17,3,1,1
BRDA:18,4,0,2
BRDA:18,4,1,2
BRF:10
BRH:10
end_of_record
TN:
SF:src/app/shared/models/vote.model.ts
FN:12,(anonymous_0)
FNF:1
FNH:1
FNDA:2,(anonymous_0)
DA:13,2
DA:14,2
DA:15,2
DA:16,2
DA:17,2
DA:18,2
DA:19,2
DA:20,2
DA:21,2
LF:9
LH:9
BRF:0
BRH:0
end_of_record
TN:
SF:src/app/shared/models/winner.model.ts
FN:10,(anonymous_0)
FNF:1
FNH:0
FNDA:0,(anonymous_0)
DA:11,0
DA:12,0
DA:13,0
DA:14,0
DA:15,0
DA:16,0
DA:17,0
LF:7
LH:0
BRDA:12,0,0,0
BRDA:12,0,1,0
BRDA:13,1,0,0
BRDA:13,1,1,0
BRDA:14,2,0,0
BRDA:14,2,1,0
BRDA:15,3,0,0
BRDA:15,3,1,0
BRF:8
BRH:0
end_of_record
TN:
SF:src/app/shared/pipes/country-by-value/country-by-value.pipe.ts
FN:8,(anonymous_0)
FN:9,(anonymous_1)
FNF:2
FNH:0
FNDA:0,(anonymous_0)
FNDA:0,(anonymous_1)
DA:7,1
DA:9,0
LF:2
LH:1
BRF:0
BRH:0
end_of_record
TN:
SF:src/app/shared/pipes/date-to-day-or-month/date-to-day-or-month.pipe.ts
FN:8,(anonymous_0)
FNF:1
FNH:0
FNDA:0,(anonymous_0)
DA:7,1
DA:9,0
LF:2
LH:1
BRDA:8,0,0,0
BRDA:9,1,0,0
BRDA:9,1,1,0
BRF:3
BRH:0
end_of_record
TN:
SF:src/app/shared/pipes/first-letter-case/fist-letter-case.pipe.ts
FN:7,(anonymous_0)
FNF:1
FNH:1
FNDA:1,(anonymous_0)
DA:6,1
DA:8,1
DA:9,1
LF:3
LH:3
BRDA:8,0,0,1
BRF:1
BRH:1
end_of_record
TN:
SF:src/app/shared/pipes/flag-by-file/flag-by-file.pipe.ts
FN:8,(anonymous_0)
FNF:1
FNH:0
FNDA:0,(anonymous_0)
DA:7,1
DA:9,0
LF:2
LH:1
BRF:0
BRH:0
end_of_record
TN:
SF:src/app/shared/pipes/fuel/fuel.pipe.ts
FN:7,(anonymous_0)
FNF:1
FNH:1
FNDA:5,(anonymous_0)
DA:6,1
DA:8,5
DA:10,1
DA:12,1
DA:14,1
DA:16,1
DA:18,1
LF:7
LH:7
BRDA:8,0,0,1
BRDA:8,0,1,1
BRDA:8,0,2,1
BRDA:8,0,3,1
BRDA:8,0,4,1
BRF:5
BRH:5
end_of_record
TN:
SF:src/app/shared/pipes/image/image.pipe.ts
FN:8,(anonymous_0)
FNF:1
FNH:1
FNDA:3,(anonymous_0)
DA:7,1
DA:9,3
DA:10,1
DA:12,2
LF:4
LH:4
BRDA:9,0,0,1
BRDA:9,0,1,2
BRF:2
BRH:2
end_of_record
TN:
SF:src/app/shared/pipes/image-car/image-car.pipe.ts
FN:9,(anonymous_0)
FNF:1
FNH:1
FNDA:1,(anonymous_0)
DA:8,1
DA:10,1
DA:11,0
DA:13,1
LF:4
LH:3
BRDA:9,0,0,1
BRDA:10,1,0,0
BRDA:10,1,1,1
BRDA:10,2,0,1
BRDA:10,2,1,0
BRF:5
BRH:3
end_of_record
TN:
SF:src/app/shared/pipes/last-round/last-round.pipe.ts
FN:8,(anonymous_0)
FN:9,(anonymous_1)
FNF:2
FNH:2
FNDA:1,(anonymous_0)
FNDA:1,(anonymous_1)
DA:7,1
DA:9,1
DA:10,1
LF:3
LH:3
BRF:0
BRH:0
end_of_record
TN:
SF:src/app/shared/pipes/moment-date-short/moment-date-short.pipe.ts
FN:8,(anonymous_0)
FNF:1
FNH:1
FNDA:1,(anonymous_0)
DA:7,1
DA:9,1
DA:10,1
DA:11,1
DA:13,0
LF:5
LH:4
BRDA:8,0,0,1
BRDA:10,1,0,1
BRDA:10,1,1,0
BRF:3
BRH:2
end_of_record
TN:
SF:src/app/shared/pipes/moment-format/moment-format.pipe.ts
FN:8,(anonymous_0)
FNF:1
FNH:1
FNDA:2,(anonymous_0)
DA:7,1
DA:9,2
LF:2
LH:2
BRF:0
BRH:0
end_of_record
TN:
SF:src/app/shared/pipes/percentage/percentage.pipe.ts
FN:7,(anonymous_0)
FN:10,(anonymous_1)
FNF:2
FNH:1
FNDA:1,(anonymous_0)
FNDA:0,(anonymous_1)
DA:6,1
DA:8,1
DA:9,0
DA:10,0
DA:12,0
DA:14,1
LF:6
LH:3
BRDA:8,0,0,0
BRDA:8,0,1,1
BRDA:8,1,0,1
BRDA:8,1,1,1
BRF:4
BRH:3
end_of_record
TN:
SF:src/app/shared/pipes/timeago/timeago.pipe.ts
FN:8,(anonymous_0)
FNF:1
FNH:1
FNDA:2,(anonymous_0)
DA:7,1
DA:9,2
DA:10,2
DA:11,1
DA:13,1
LF:5
LH:5
BRDA:8,0,0,1
BRDA:10,1,0,1
BRDA:10,1,1,1
BRF:3
BRH:3
end_of_record
TN:
SF:src/app/shared/pipes/traction/traction.pipe.ts
FN:8,(anonymous_0)
FN:9,(anonymous_1)
FNF:2
FNH:1
FNDA:1,(anonymous_0)
FNDA:0,(anonymous_1)
DA:7,1
DA:8,1
DA:10,0
DA:12,0
DA:14,0
DA:16,0
DA:18,0
DA:20,0
DA:22,0
LF:9
LH:2
BRDA:10,0,0,0
BRDA:10,0,1,0
BRDA:10,0,2,0
BRDA:10,0,3,0
BRDA:10,0,4,0
BRDA:10,0,5,0
BRF:6
BRH:0
end_of_record
TN:
SF:src/app/shared/pipes/truncate-text/truncate-text.pipe.ts
FN:6,(anonymous_0)
FNF:1
FNH:1
FNDA:3,(anonymous_0)
DA:5,1
DA:7,3
DA:8,1
DA:9,1
DA:10,1
DA:14,3
LF:6
LH:6
BRDA:6,0,0,1
BRDA:6,1,0,3
BRDA:7,2,0,1
BRDA:7,3,0,3
BRDA:7,3,1,3
BRDA:9,4,0,1
BRF:6
BRH:6
end_of_record
TN:
SF:src/app/shared/pipes/votes/votes.pipe.ts
FN:7,(anonymous_0)
FN:9,(anonymous_1)
FNF:2
FNH:0
FNDA:0,(anonymous_0)
FNDA:0,(anonymous_1)
DA:6,1
DA:8,0
DA:9,0
DA:11,0
LF:4
LH:1
BRDA:8,0,0,0
BRDA:8,0,1,0
BRDA:8,1,0,0
BRDA:8,1,1,0
BRF:4
BRH:0
end_of_record
TN:
SF:src/app/shared/services/api/brand/brand.service.ts
FN:13,(anonymous_0)
FN:15,(anonymous_1)
FN:26,(anonymous_2)
FNF:3
FNH:3
FNDA:3,(anonymous_0)
FNDA:1,(anonymous_1)
FNDA:1,(anonymous_2)
DA:11,1
DA:12,3
DA:13,3
DA:18,1
DA:29,1
LF:5
LH:5
BRF:0
BRH:0
end_of_record
TN:
SF:src/app/shared/services/api/car/car.service.ts
FN:14,(anonymous_0)
FN:16,(anonymous_1)
FN:24,(anonymous_2)
FN:30,(anonymous_3)
FN:36,(anonymous_4)
FN:42,(anonymous_5)
FN:46,(anonymous_6)
FN:50,(anonymous_7)
FNF:8
FNH:7
FNDA:7,(anonymous_0)
FNDA:1,(anonymous_1)
FNDA:1,(anonymous_2)
FNDA:0,(anonymous_3)
FNDA:1,(anonymous_4)
FNDA:1,(anonymous_5)
FNDA:1,(anonymous_6)
FNDA:1,(anonymous_7)
DA:12,1
DA:13,7
DA:14,7
DA:19,1
DA:25,1
DA:31,0
DA:37,1
DA:43,1
DA:47,1
DA:51,1
LF:10
LH:9
BRF:0
BRH:0
end_of_record
TN:
SF:src/app/shared/services/api/image/image.service.ts
FN:15,(anonymous_0)
FN:20,(anonymous_1)
FN:43,(anonymous_2)
FN:63,(anonymous_3)
FN:72,(anonymous_4)
FN:76,(anonymous_5)
FN:87,(anonymous_6)
FN:91,(anonymous_7)
FN:97,(anonymous_8)
FNF:9
FNH:4
FNDA:15,(anonymous_0)
FNDA:0,(anonymous_1)
FNDA:0,(anonymous_2)
FNDA:0,(anonymous_3)
FNDA:0,(anonymous_4)
FNDA:0,(anonymous_5)
FNDA:1,(anonymous_6)
FNDA:1,(anonymous_7)
FNDA:1,(anonymous_8)
DA:13,1
DA:14,15
DA:16,15
DA:17,15
DA:21,0
DA:22,0
DA:28,0
DA:29,0
DA:33,0
DA:34,0
DA:35,0
DA:36,0
DA:39,0
DA:44,0
DA:45,0
DA:47,0
DA:48,0
DA:50,0
DA:51,0
DA:52,0
DA:55,0
DA:56,0
DA:59,0
DA:60,0
DA:64,0
DA:65,0
DA:66,0
DA:67,0
DA:68,0
DA:69,0
DA:73,0
DA:77,0
DA:84,0
DA:88,1
DA:92,1
DA:98,1
DA:99,1
LF:37
LH:8
BRDA:28,0,0,0
BRDA:43,1,0,0
BRDA:43,2,0,0
BRF:3
BRH:0
end_of_record
TN:
SF:src/app/shared/services/api/inscription/inscription.service.ts
FN:20,(anonymous_0)
FN:22,(anonymous_1)
FN:33,(anonymous_2)
FN:39,(anonymous_3)
FN:47,(anonymous_4)
FN:58,(anonymous_5)
FN:69,(anonymous_6)
FN:75,(anonymous_7)
FN:81,(anonymous_8)
FN:87,(anonymous_9)
FNF:10
FNH:10
FNDA:10,(anonymous_0)
FNDA:1,(anonymous_1)
FNDA:1,(anonymous_2)
FNDA:1,(anonymous_3)
FNDA:1,(anonymous_4)
FNDA:1,(anonymous_5)
FNDA:1,(anonymous_6)
FNDA:1,(anonymous_7)
FNDA:1,(anonymous_8)
FNDA:1,(anonymous_9)
DA:18,1
DA:19,10
DA:20,10
DA:25,1
DA:34,1
DA:42,1
DA:50,1
DA:61,1
DA:70,1
DA:76,1
DA:82,1
DA:94,1
LF:12
LH:12
BRF:0
BRH:0
end_of_record
TN:
SF:src/app/shared/services/api/like/like.service.ts
FN:16,(anonymous_0)
FN:21,(anonymous_1)
FN:32,(anonymous_2)
FN:43,(anonymous_3)
FN:49,(anonymous_4)
FN:55,(anonymous_5)
FN:59,(anonymous_6)
FNF:7
FNH:7
FNDA:7,(anonymous_0)
FNDA:1,(anonymous_1)
FNDA:1,(anonymous_2)
FNDA:1,(anonymous_3)
FNDA:1,(anonymous_4)
FNDA:1,(anonymous_5)
FNDA:1,(anonymous_6)
DA:14,1
DA:15,7
DA:17,7
DA:18,7
DA:24,1
DA:35,1
DA:44,1
DA:50,1
DA:56,1
DA:60,1
LF:10
LH:10
BRF:0
BRH:0
end_of_record
TN:
SF:src/app/shared/services/api/pairing/pairing.service.ts
FN:12,(anonymous_0)
FN:14,(anonymous_1)
FNF:2
FNH:2
FNDA:2,(anonymous_0)
FNDA:1,(anonymous_1)
DA:9,1
DA:10,2
DA:11,2
DA:12,2
DA:15,1
LF:5
LH:5
BRF:0
BRH:0
end_of_record
TN:
SF:src/app/shared/services/api/report/report.service.ts
FN:12,(anonymous_0)
FN:14,(anonymous_1)
FN:20,(anonymous_2)
FN:26,(anonymous_3)
FNF:4
FNH:4
FNDA:4,(anonymous_0)
FNDA:1,(anonymous_1)
FNDA:1,(anonymous_2)
FNDA:1,(anonymous_3)
DA:10,1
DA:11,4
DA:12,4
DA:15,1
DA:21,1
DA:27,1
LF:6
LH:6
BRF:0
BRH:0
end_of_record
TN:
SF:src/app/shared/services/api/round/round.service.ts
FN:12,(anonymous_0)
FN:14,(anonymous_1)
FN:20,(anonymous_2)
FNF:3
FNH:3
FNDA:3,(anonymous_0)
FNDA:1,(anonymous_1)
FNDA:1,(anonymous_2)
DA:10,1
DA:11,3
DA:12,3
DA:15,1
DA:21,1
LF:5
LH:5
BRF:0
BRH:0
end_of_record
TN:
SF:src/app/shared/services/api/settings/settings.service.ts
FN:16,(anonymous_0)
FN:25,(anonymous_1)
FN:36,(anonymous_2)
FN:44,(anonymous_3)
FN:48,(anonymous_4)
FN:59,(anonymous_5)
FN:69,(anonymous_6)
FN:73,(anonymous_7)
FN:77,(anonymous_8)
FN:83,(anonymous_9)
FN:88,(anonymous_10)
FNF:11
FNH:2
FNDA:2,(anonymous_0)
FNDA:0,(anonymous_1)
FNDA:0,(anonymous_2)
FNDA:0,(anonymous_3)
FNDA:1,(anonymous_4)
FNDA:0,(anonymous_5)
FNDA:0,(anonymous_6)
FNDA:0,(anonymous_7)
FNDA:0,(anonymous_8)
FNDA:0,(anonymous_9)
FNDA:0,(anonymous_10)
DA:13,1
DA:14,2
DA:17,2
DA:18,2
DA:19,2
DA:20,2
DA:21,2
DA:22,2
DA:26,0
DA:27,0
DA:28,0
DA:29,0
DA:30,0
DA:32,0
DA:37,0
DA:38,0
DA:39,0
DA:45,0
DA:49,1
DA:50,1
DA:51,1
DA:52,1
DA:54,0
DA:55,0
DA:60,0
DA:61,0
DA:62,0
DA:63,0
DA:64,0
DA:70,0
DA:73,0
DA:78,0
DA:83,0
DA:89,0
DA:90,0
DA:91,0
LF:36
LH:12
BRDA:27,0,0,0
BRDA:30,1,0,0
BRDA:30,1,1,0
BRDA:50,2,0,1
BRDA:50,2,1,0
BRDA:60,3,0,0
BRDA:61,4,0,0
BRDA:61,4,1,0
BRDA:63,5,0,0
BRDA:89,6,0,0
BRDA:90,7,0,0
BRF:11
BRH:1
end_of_record
TN:
SF:src/app/shared/services/api/tournament/tournament.service.ts
FN:13,(anonymous_0)
FN:15,(anonymous_1)
FN:24,(anonymous_2)
FN:30,(anonymous_3)
FN:41,(anonymous_4)
FNF:5
FNH:5
FNDA:5,(anonymous_0)
FNDA:1,(anonymous_1)
FNDA:1,(anonymous_2)
FNDA:1,(anonymous_3)
FNDA:1,(anonymous_4)
DA:11,1
DA:12,5
DA:13,5
DA:16,1
DA:25,1
DA:33,1
DA:42,1
LF:7
LH:7
BRF:0
BRH:0
end_of_record
TN:
SF:src/app/shared/services/api/user/user.service.ts
FN:15,(anonymous_0)
FN:20,(anonymous_1)
FN:26,(anonymous_2)
FN:30,(anonymous_3)
FN:37,(anonymous_4)
FN:41,(anonymous_5)
FN:45,(anonymous_6)
FN:50,(anonymous_7)
FN:54,(anonymous_8)
FNF:9
FNH:3
FNDA:14,(anonymous_0)
FNDA:0,(anonymous_1)
FNDA:0,(anonymous_2)
FNDA:1,(anonymous_3)
FNDA:0,(anonymous_4)
FNDA:1,(anonymous_5)
FNDA:0,(anonymous_6)
FNDA:0,(anonymous_7)
FNDA:0,(anonymous_8)
DA:11,1
DA:12,14
DA:14,14
DA:16,14
DA:17,14
DA:21,0
DA:27,0
DA:31,1
DA:34,1
DA:38,0
DA:42,1
DA:46,0
DA:47,0
DA:51,0
DA:55,0
DA:56,0
DA:57,0
DA:59,0
DA:60,0
DA:62,0
LF:20
LH:8
BRDA:31,0,0,0
BRDA:31,0,1,1
BRDA:56,1,0,0
BRDA:56,1,1,0
BRF:4
BRH:1
end_of_record
TN:
SF:src/app/shared/services/api/vote/vote.service.ts
FN:13,(anonymous_0)
FN:18,(anonymous_1)
FN:22,(anonymous_2)
FN:29,(anonymous_3)
FN:33,(anonymous_4)
FN:37,(anonymous_5)
FN:41,(anonymous_6)
FN:49,(anonymous_7)
FNF:8
FNH:8
FNDA:7,(anonymous_0)
FNDA:1,(anonymous_1)
FNDA:1,(anonymous_2)
FNDA:1,(anonymous_3)
FNDA:1,(anonymous_4)
FNDA:1,(anonymous_5)
FNDA:1,(anonymous_6)
FNDA:1,(anonymous_7)
DA:11,1
DA:12,7
DA:14,7
DA:15,7
DA:19,1
DA:23,1
DA:30,1
DA:34,1
DA:38,1
DA:39,1
DA:40,1
DA:41,1
DA:42,1
DA:43,1
DA:46,0
DA:50,1
DA:51,1
DA:52,1
DA:53,1
DA:55,0
LF:20
LH:18
BRDA:40,0,0,1
BRDA:42,1,0,1
BRDA:51,2,0,1
BRDA:51,2,1,0
BRF:4
BRH:3
end_of_record
TN:
SF:src/app/shared/services/api/winner/winner.service.ts
FN:15,(anonymous_0)
FN:17,(anonymous_1)
FN:28,(anonymous_2)
FNF:3
FNH:1
FNDA:10,(anonymous_0)
FNDA:0,(anonymous_1)
FNDA:0,(anonymous_2)
DA:13,1
DA:14,10
DA:15,10
DA:20,0
DA:29,0
LF:5
LH:3
BRF:0
BRH:0
end_of_record
TN:
SF:src/app/shared/services/capacitor/admob/admob.service.ts
FN:13,(anonymous_0)
FN:34,(anonymous_1)
FN:45,(anonymous_2)
FN:54,(anonymous_3)
FN:62,(anonymous_4)
FNF:5
FNH:0
FNDA:0,(anonymous_0)
FNDA:0,(anonymous_1)
FNDA:0,(anonymous_2)
FNDA:0,(anonymous_3)
FNDA:0,(anonymous_4)
DA:12,1
DA:14,0
DA:15,0
DA:28,0
DA:35,0
DA:42,0
DA:46,0
DA:50,0
DA:51,0
DA:55,0
DA:58,0
DA:59,0
DA:63,0
LF:13
LH:1
BRDA:15,0,0,0
BRF:1
BRH:0
end_of_record
TN:
SF:src/app/shared/services/capacitor/analytics/analytics.service.ts
FN:11,(anonymous_0)
FN:13,(anonymous_1)
FN:15,(anonymous_2)
FN:16,(anonymous_3)
FN:21,(anonymous_4)
FN:27,(anonymous_5)
FN:33,(anonymous_6)
FN:40,(anonymous_7)
FNF:8
FNH:0
FNDA:0,(anonymous_0)
FNDA:0,(anonymous_1)
FNDA:0,(anonymous_2)
FNDA:0,(anonymous_3)
FNDA:0,(anonymous_4)
FNDA:0,(anonymous_5)
FNDA:0,(anonymous_6)
FNDA:0,(anonymous_7)
DA:8,1
DA:9,0
DA:11,0
DA:14,0
DA:15,0
DA:17,0
DA:22,0
DA:28,0
DA:34,0
DA:41,0
DA:42,0
LF:11
LH:1
BRDA:33,0,0,0
BRF:1
BRH:0
end_of_record
TN:
SF:src/app/shared/services/capacitor/app-update/app-update.service.ts
FN:12,(anonymous_1)
FN:17,(anonymous_2)
FN:22,(anonymous_3)
FN:43,(anonymous_4)
FN:54,(anonymous_5)
FN:26,(anonymous_6)
FN:30,(anonymous_7)
FNF:7
FNH:0
FNDA:0,(anonymous_1)
FNDA:0,(anonymous_2)
FNDA:0,(anonymous_3)
FNDA:0,(anonymous_4)
FNDA:0,(anonymous_5)
FNDA:0,(anonymous_6)
FNDA:0,(anonymous_7)
DA:11,1
DA:12,0
DA:13,0
DA:14,0
DA:17,0
DA:18,0
DA:19,0
DA:22,0
DA:23,0
DA:27,0
DA:31,0
DA:32,0
DA:33,0
DA:35,0
DA:36,0
DA:37,0
DA:38,0
DA:43,0
DA:44,0
DA:45,0
DA:46,0
DA:48,0
DA:49,0
DA:50,0
DA:54,0
DA:55,0
LF:26
LH:1
BRDA:45,0,0,0
BRDA:48,1,0,0
BRDA:32,2,0,0
BRDA:35,3,0,0
BRDA:37,4,0,0
BRF:5
BRH:0
end_of_record
TN:
SF:src/app/shared/services/capacitor/firebase-authentication/firebase-authentication.service.ts
FN:16,(anonymous_0)
FN:20,(anonymous_1)
FN:21,(anonymous_2)
FN:22,(anonymous_3)
FN:29,(anonymous_4)
FN:33,(anonymous_5)
FN:40,(anonymous_6)
FN:45,(anonymous_7)
FN:50,(anonymous_8)
FN:54,(anonymous_9)
FN:58,(anonymous_10)
FNF:11
FNH:0
FNDA:0,(anonymous_0)
FNDA:0,(anonymous_1)
FNDA:0,(anonymous_2)
FNDA:0,(anonymous_3)
FNDA:0,(anonymous_4)
FNDA:0,(anonymous_5)
FNDA:0,(anonymous_6)
FNDA:0,(anonymous_7)
FNDA:0,(anonymous_8)
FNDA:0,(anonymous_9)
FNDA:0,(anonymous_10)
DA:13,1
DA:14,0
DA:17,0
DA:18,0
DA:20,0
DA:21,0
DA:22,0
DA:23,0
DA:30,0
DA:34,0
DA:35,0
DA:37,0
DA:41,0
DA:42,0
DA:46,0
DA:47,0
DA:51,0
DA:55,0
DA:59,0
LF:19
LH:1
BRDA:34,0,0,0
BRF:1
BRH:0
end_of_record
TN:
SF:src/app/shared/services/capacitor/notifications-push/notifications-push.service.ts
FN:20,(anonymous_0)
FN:28,(anonymous_1)
FN:41,(anonymous_2)
FN:42,(anonymous_3)
FN:49,(anonymous_4)
FN:50,(anonymous_5)
FN:60,(anonymous_6)
FN:64,(anonymous_7)
FN:70,(anonymous_8)
FN:74,(anonymous_9)
FN:79,(anonymous_10)
FN:86,(anonymous_11)
FN:93,(anonymous_12)
FN:96,(anonymous_13)
FN:108,(anonymous_14)
FN:113,(anonymous_15)
FNF:16
FNH:0
FNDA:0,(anonymous_0)
FNDA:0,(anonymous_1)
FNDA:0,(anonymous_2)
FNDA:0,(anonymous_3)
FNDA:0,(anonymous_4)
FNDA:0,(anonymous_5)
FNDA:0,(anonymous_6)
FNDA:0,(anonymous_7)
FNDA:0,(anonymous_8)
FNDA:0,(anonymous_9)
FNDA:0,(anonymous_10)
FNDA:0,(anonymous_11)
FNDA:0,(anonymous_12)
FNDA:0,(anonymous_13)
FNDA:0,(anonymous_14)
FNDA:0,(anonymous_15)
DA:17,1
DA:18,0
DA:21,0
DA:22,0
DA:23,0
DA:24,0
DA:25,0
DA:29,0
DA:30,0
DA:31,0
DA:32,0
DA:33,0
DA:34,0
DA:37,0
DA:42,0
DA:43,0
DA:44,0
DA:50,0
DA:51,0
DA:52,0
DA:56,0
DA:62,0
DA:65,0
DA:72,0
DA:75,0
DA:80,0
DA:86,0
DA:90,0
DA:94,0
DA:95,0
DA:96,0
DA:97,0
DA:100,0
DA:102,0
DA:103,0
DA:109,0
DA:110,0
DA:114,0
DA:115,0
LF:39
LH:1
BRDA:30,0,0,0
BRDA:43,1,0,0
BRDA:51,2,0,0
BRDA:51,3,0,0
BRDA:51,3,1,0
BRDA:81,4,0,0
BRDA:81,4,1,0
BRDA:82,5,0,0
BRDA:82,5,1,0
BRDA:94,6,0,0
BRDA:94,7,0,0
BRDA:94,7,1,0
BRDA:95,8,0,0
BRDA:95,8,1,0
BRDA:102,9,0,0
BRDA:102,10,0,0
BRDA:102,10,1,0
BRF:17
BRH:0
end_of_record
TN:
SF:src/app/shared/services/capacitor/social-sharing/social-sharing.service.ts
FN:7,(anonymous_0)
FN:9,(anonymous_1)
FNF:2
FNH:1
FNDA:10,(anonymous_0)
FNDA:0,(anonymous_1)
DA:6,1
DA:7,10
DA:10,0
DA:11,0
DA:13,0
DA:14,0
LF:6
LH:2
BRDA:10,0,0,0
BRDA:10,0,1,0
BRDA:13,1,0,0
BRF:3
BRH:0
end_of_record
TN:
SF:src/app/shared/services/ionic/action-sheet-ionic.service.ts
FN:10,(anonymous_0)
FN:12,(anonymous_1)
FNF:2
FNH:1
FNDA:9,(anonymous_0)
FNDA:0,(anonymous_1)
DA:9,1
DA:10,9
DA:16,0
DA:22,0
DA:23,0
DA:24,0
LF:6
LH:2
BRF:0
BRH:0
end_of_record
TN:
SF:src/app/shared/services/ionic/alert-ionic.service.ts
FN:6,(anonymous_0)
FN:8,(anonymous_1)
FN:33,(anonymous_2)
FNF:3
FNH:1
FNDA:13,(anonymous_0)
FNDA:0,(anonymous_1)
FNDA:0,(anonymous_2)
DA:5,1
DA:6,13
DA:14,0
DA:29,0
DA:30,0
DA:40,0
DA:48,0
DA:49,0
LF:8
LH:2
BRDA:11,0,0,0
BRDA:12,1,0,0
BRDA:37,2,0,0
BRDA:38,3,0,0
BRF:4
BRH:0
end_of_record
TN:
SF:src/app/shared/services/ionic/storage-ionic.service.ts
FN:6,(anonymous_0)
FN:10,(anonymous_1)
FN:14,(anonymous_2)
FN:19,(anonymous_3)
FN:24,(anonymous_4)
FN:28,(anonymous_5)
FN:32,(anonymous_6)
FN:36,(anonymous_7)
FNF:8
FNH:0
FNDA:0,(anonymous_0)
FNDA:0,(anonymous_1)
FNDA:0,(anonymous_2)
FNDA:0,(anonymous_3)
FNDA:0,(anonymous_4)
FNDA:0,(anonymous_5)
FNDA:0,(anonymous_6)
FNDA:0,(anonymous_7)
DA:5,1
DA:6,0
DA:7,0
DA:11,0
DA:15,0
DA:16,0
DA:20,0
DA:21,0
DA:25,0
DA:29,0
DA:33,0
DA:37,0
LF:12
LH:1
BRF:0
BRH:0
end_of_record
TN:
SF:src/app/shared/services/ionic/toast-ionic.service.ts
FN:6,(anonymous_0)
FN:8,(anonymous_1)
FN:20,(anonymous_2)
FNF:3
FNH:1
FNDA:19,(anonymous_0)
FNDA:0,(anonymous_1)
FNDA:0,(anonymous_2)
DA:5,1
DA:6,19
DA:9,0
DA:17,0
DA:21,0
DA:29,0
LF:6
LH:2
BRF:0
BRH:0
end_of_record
TN:
SF:src/app/shared/services/various/events.service.ts
FN:10,(anonymous_1)
FN:18,(anonymous_2)
FN:28,(anonymous_3)
FNF:3
FNH:0
FNDA:0,(anonymous_1)
FNDA:0,(anonymous_2)
FNDA:0,(anonymous_3)
DA:5,1
DA:8,0
DA:11,0
DA:12,0
DA:15,0
DA:19,0
DA:20,0
DA:22,0
DA:25,0
DA:29,0
DA:30,0
DA:31,0
DA:34,0
DA:35,0
LF:14
LH:1
BRDA:11,0,0,0
BRDA:20,1,0,0
BRDA:30,2,0,0
BRF:3
BRH:0
end_of_record
TN:
SF:src/app/shared/services/various/local-storage.service.ts
FN:7,(anonymous_0)
FN:11,(anonymous_1)
FN:17,(anonymous_2)
FN:21,(anonymous_3)
FN:25,(anonymous_4)
FNF:5
FNH:1
FNDA:7,(anonymous_0)
FNDA:0,(anonymous_1)
FNDA:0,(anonymous_2)
FNDA:0,(anonymous_3)
FNDA:0,(anonymous_4)
DA:6,1
DA:8,7
DA:12,0
DA:14,0
DA:18,0
DA:22,0
DA:26,0
LF:7
LH:2
BRF:0
BRH:0
end_of_record
TN:
SF:src/app/shared/services/various/utils.service.ts
FN:5,(anonymous_0)
FN:9,(anonymous_1)
FNF:2
FNH:1
FNDA:0,(anonymous_0)
FNDA:2,(anonymous_1)
DA:4,1
DA:6,0
DA:10,2
DA:11,0
DA:12,0
DA:15,2
LF:6
LH:3
BRDA:9,0,0,0
BRDA:10,1,0,0
BRDA:10,2,0,2
BRDA:10,2,1,2
BRF:4
BRH:2
end_of_record
TN:
SF:src/assets/json/countries.ts
FNF:0
FNH:0
DA:1,1
LF:1
LH:1
BRF:0
BRH:0
end_of_record
TN:
SF:src/assets/json/flags.ts
FNF:0
FNH:0
DA:1,1
LF:1
LH:1
BRF:0
BRH:0
end_of_record
TN:
SF:src/environments/environment.ts
FNF:0
FNH:0
DA:1,1
LF:1
LH:1
BRF:0
BRH:0
end_of_record
